TN:
SF:app.js
FN:5,main
FNF:1
FNH:1
FNDA:3,main
DA:1,1
DA:2,1
DA:3,1
DA:4,1
DA:5,1
DA:6,3
DA:7,3
DA:8,2
DA:9,2
DA:10,3
DA:11,0
DA:12,3
DA:13,2
DA:14,2
DA:15,2
DA:16,2
DA:17,3
DA:18,1
DA:19,1
DA:20,3
DA:21,1
DA:22,1
DA:23,1
DA:24,1
LF:24
LH:23
BRDA:5,0,0,3
BRDA:7,1,0,2
BRDA:10,2,0,1
BRDA:10,3,0,0
BRDA:12,4,0,2
BRDA:17,5,0,1
BRF:6
BRH:5
end_of_record
TN:
SF:api\restlet_client.js
FN:8,connectNetsuite
FN:15,hash_function
FNF:2
FNH:2
FNDA:1,connectNetsuite
FNDA:1,hash_function
DA:1,1
DA:2,1
DA:3,1
DA:4,1
DA:5,1
DA:6,1
DA:7,1
DA:8,1
DA:9,1
DA:10,1
DA:11,1
DA:12,1
DA:13,1
DA:14,1
DA:15,1
DA:16,1
DA:17,1
DA:18,1
DA:19,1
DA:20,1
DA:21,1
DA:22,1
DA:23,1
DA:24,1
DA:25,1
DA:26,1
DA:27,1
DA:28,1
DA:29,1
DA:30,1
DA:31,1
DA:32,1
DA:33,1
DA:34,1
DA:35,1
DA:36,1
DA:37,1
DA:38,1
DA:39,1
DA:40,1
DA:41,1
DA:42,1
DA:43,1
DA:44,1
DA:45,1
DA:46,1
DA:47,1
DA:48,1
DA:49,1
DA:50,1
DA:51,0
DA:52,0
DA:53,1
DA:54,1
DA:55,1
LF:55
LH:53
BRDA:8,0,0,1
BRDA:50,1,0,0
BRDA:15,2,0,1
BRF:3
BRH:2
end_of_record
TN:
SF:data\db_connect.js
FN:16,connectToDatabase
FN:28,closeConnection
FN:38,selectAllPatients
FNF:3
FNH:3
FNDA:2,connectToDatabase
FNDA:1,closeConnection
FNDA:1,selectAllPatients
DA:1,1
DA:2,1
DA:3,1
DA:4,1
DA:5,1
DA:6,1
DA:7,1
DA:8,1
DA:9,1
DA:10,1
DA:11,1
DA:12,1
DA:13,1
DA:14,1
DA:15,1
DA:16,2
DA:17,2
DA:18,2
DA:19,2
DA:20,2
DA:21,2
DA:22,2
DA:23,0
DA:24,0
DA:25,0
DA:26,2
DA:27,1
DA:28,1
DA:29,1
DA:30,1
DA:31,1
DA:32,1
DA:33,0
DA:34,0
DA:35,0
DA:36,1
DA:37,1
DA:38,1
DA:39,1
DA:40,1
DA:41,1
DA:42,1
DA:43,0
DA:44,0
DA:45,0
DA:46,1
DA:47,1
DA:48,1
DA:49,1
DA:50,1
DA:51,1
DA:52,1
LF:52
LH:43
BRDA:16,0,0,2
BRDA:22,1,0,0
BRDA:28,2,0,1
BRDA:32,3,0,0
BRDA:38,4,0,1
BRDA:42,5,0,0
BRF:6
BRH:3
end_of_record
